<?xml version="1.0" encoding="UTF-8"?>
<testng-results skipped="0" failed="0" ignored="0" total="1" passed="1">
  <reporter-output>
  </reporter-output>
  <suite name="Default suite" duration-ms="67" started-at="2021-11-02T11:01:43 IST" finished-at="2021-11-02T11:01:43 IST">
    <groups>
    </groups>
    <test name="Default test" duration-ms="67" started-at="2021-11-02T11:01:43 IST" finished-at="2021-11-02T11:01:43 IST">
      <class name="com.test.Softassert">
        <test-method status="PASS" signature="check()[pri:0, instance:com.test.Softassert@1877ab81]" name="check" duration-ms="17" started-at="2021-11-02T11:01:43 IST" finished-at="2021-11-02T11:01:43 IST">
          <reporter-output>
          </reporter-output>
        </test-method> <!-- check -->
      </class> <!-- com.test.Softassert -->
    </test> <!-- Default test -->
  </suite> <!-- Default suite -->
</testng-results>
